CS020003-629917-117407-8
CN411002-3436053-R02526291-7
CN371001-T2365772-T2365772-4
CS020003-599713-55234
CS020003-512714-109531
CN371001-T2365811-1131-204
CN311006-12008140218-xxx-9
CN371001-T2365170-T2365170-5
CN411002-R02772016-R02772016-10
CS020003-566213-24633
CE027001-1215019061-T125
CN010013-81880217-24864-301
CN411002-R02769944-R02769944-11
CN010013-81880217-24864-304
CS020003-618566-116040-9
CS020003-410545-48845-7
CS020003-620183-115824
CS020003-603974-113142
CN411002-453212-R02582440-19
CN371001-T2365642-T2365642-4
CN010013-80639375-15581-304
CN411002-1765809-R02582828-17
CE021013-50295253-218704-202
CN371001-T2365401-1053-204
CN010013-1033234-15365
CE027001-1513023045-T125
CN371001-T2365170-T2365170-4
CE027001-1214017554-39276
CN411002-5248322-R02688581-7
CN311006-12008120513-xxx-11
CE027001-1513010353-T125
CN371001-T2365603-T2365603-4
CN411002-R02653832-R02653832-9
CN010013-82215209-5147-602
CN371001-T2365858-1169-203
CN411002-R02778269-R02778269-10
CN371001-T2365642-T2365642-5
CN411002-5026635-R02391845-10
CN411002-3848745-R02734367-9
CN010013-1018347-3775837
CE027001-1514000422-T125
CN411002-R02751616-R02751616-9
CN371001-T2365858-1169-204
CN411002-R02647688-R02647688-9
CN411002-5184480-R02666801-11
CN010013-80121193-28556-303
CN010013-81522081-49758-301
CN311006-12008210243-xxx-10
CE027001-1214020748-40536
CN411002-R02653637-R02653637-8
CE025005-1693974-T150
CN371001-T2365401-1053-203
CN411002-R02765741-R02765741-11
CN411002-R02749871-R02749871-7
CN010013-1094543-48815
CN411002-3554523-R02561930-11
CN010013-82098791-3632-602
CN411002-1097923-R02667189-10
CN411002-5293472-R02744066-9
CE027001-1214024308-21077
CN010013-81500022-9523-203
CN411002-R02760161-R02760161-9
CS020003-426741-2017091147890069
CE027001-1513010199-T125
CN371001-T2365811-1131-202
CS020003-464683-117417
CN411002-4747759-R02477941-7
CN311006-12009160843-xxx-5
CS020003-431689-2017110944420209
CN371001-T2365772-T2365772-5
CN411002-4581955-R02704777-10
CE027001-1214013190-17771
CN411002-R02652606-R02652606-7
CE027001-1515000555-T125
CN371001-T2365628-1072-204
CN371001-T2359124-T2359124-4
CS020003-610329-114132
CN411002-4886898-R02567673-11
CN371001-T2364820-T2364820-4
CN411002-R02645909-R02645909-8
CN411002-R02652994-R02652994-9
CE025005-1781939-T125
CN010013-82183889-2676-203
CN010013-1033553-8261
CN411002-R02648432-R02648432-7
CN371001-T2365628-1072-202
CN411002-4562672-R02407744-9
CE027001-1515001850-T125
CN411002-4561138-R02558058-25
CN010013-1018347-2723088
CN371001-T2364820-T2364820-5
CN010013-82183889-33417-304
CN411002-R02750867-R02750867-7
CN411002-5234646-R02672634-11
CN411002-R02755887-R02755887-8
CN411002-5238793-R02700917-10
CN311006-12008250330-xxx-10
CN411002-1568580-R02690461-10
CE021013-100236460-322414-202
CN411002-3524509-R02604025-10
CE021001-012308662-70037-3
CN010013-80017178-3603052-10
CN010013-1001457-36936-304
CE021013-356125-218589-202
CE021001-00981997-209357-10284
CN010013-1071491-28644-6
CN010013-1265959-3515-602
